Arguments: 
  D:\Software\nodejs\node.exe D:\Software\yarn\bin\yarn.js add --dev @types@md5

PATH: 
  D:\Software\cmder\vendor\git-for-windows\mingw64\bin;D:\Software\cmder\vendor\git-for-windows\usr\bin;C:\Users\DELL\bin;C:\Windows\system32;C:\Windows;C:\Windows\System32\Wbem;C:\Windows\System32\WindowsPowerShell\v1.0;C:\Program Files (x86)\NVIDIA Corporation\PhysX\Common;C:\Program Files\NVIDIA Corporation\NVIDIA NvDLISR;C:\WINDOWS\system32;C:\WINDOWS;C:\WINDOWS\System32\Wbem;C:\WINDOWS\System32\WindowsPowerShell\v1.0;C:\WINDOWS\System32\OpenSSH;D:\Software\nodejs;C:\Users\DELL\Desktop;C:\Program Files\Git\cmd;D:\Software\yarn\bin;D:\Software\nodejs;D:\Program Files\bin;C:\Users\DELL\AppData\Local\Microsoft\WindowsApps;D:\Microsoft VS Code\bin;C:\Users\Fang\AppData\Local\Programs\Microsoft VS Code\bin;D:\webstormpojie\WebStorm 2020.1\bin;C:\Users\DELL\AppData\Local\Yarn\bin;C:\Users\DELL\AppData\Roaming\npm

Yarn version: 
  1.22.5

Node version: 
  14.17.2

Platform: 
  win32 x64

Trace: 
  Error: https://registry.npm.taobao.org/@types: Request "https://registry.npm.taobao.org/@types" returned a 405
      at Request.params.callback [as _callback] (D:\Software\yarn\lib\cli.js:66106:18)
      at Request.self.callback (D:\Software\yarn\lib\cli.js:140749:22)
      at Request.emit (events.js:375:28)
      at Request.<anonymous> (D:\Software\yarn\lib\cli.js:141721:10)
      at Request.emit (events.js:375:28)
      at IncomingMessage.<anonymous> (D:\Software\yarn\lib\cli.js:141643:12)
      at Object.onceWrapper (events.js:481:28)
      at IncomingMessage.emit (events.js:387:35)
      at endReadableNT (internal/streams/readable.js:1317:12)
      at processTicksAndRejections (internal/process/task_queues.js:82:21)

npm manifest: 
  {
    "name": "node-fy",
    "version": "1.0.0",
    "main": "index.js",
    "scripts": {
      "start": "ts-node-dev src/main.ts"
    },
    "license": "MIT",
    "dependencies": {
      "commander": "^8.1.0",
      "md5": "^2.3.0"
    },
    "devDependencies": {
      "@types/node": "^16.6.2"
    }
  }

yarn manifest: 
  No manifest

Lockfile: 
  # THIS IS AN AUTOGENERATED FILE. DO NOT EDIT THIS FILE DIRECTLY.
  # yarn lockfile v1
  
  
  "@types/node@^16.6.2":
    version "16.6.2"
    resolved "https://registry.nlark.com/@types/node/download/@types/node-16.6.2.tgz#331b7b9f8621c638284787c5559423822fdffc50"
    integrity sha1-Mxt7n4YhxjgoR4fFVZQjgi/f/FA=
  
  charenc@0.0.2:
    version "0.0.2"
    resolved "https://registry.nlark.com/charenc/download/charenc-0.0.2.tgz#c0a1d2f3a7092e03774bfa83f14c0fc5790a8667"
    integrity sha1-wKHS86cJLgN3S/qD8UwPxXkKhmc=
  
  commander@^8.1.0:
    version "8.1.0"
    resolved "https://registry.nlark.com/commander/download/commander-8.1.0.tgz?cache=0&sync_timestamp=1627359190297&other_urls=https%3A%2F%2Fregistry.nlark.com%2Fcommander%2Fdownload%2Fcommander-8.1.0.tgz#db36e3e66edf24ff591d639862c6ab2c52664362"
    integrity sha1-2zbj5m7fJP9ZHWOYYsarLFJmQ2I=
  
  crypt@0.0.2:
    version "0.0.2"
    resolved "https://registry.npm.taobao.org/crypt/download/crypt-0.0.2.tgz#88d7ff7ec0dfb86f713dc87bbb42d044d3e6c41b"
    integrity sha1-iNf/fsDfuG9xPch7u0LQRNPmxBs=
  
  is-buffer@~1.1.6:
    version "1.1.6"
    resolved "https://registry.npm.taobao.org/is-buffer/download/is-buffer-1.1.6.tgz?cache=0&other_urls=https%3A%2F%2Fregistry.npm.taobao.org%2Fis-buffer%2Fdownload%2Fis-buffer-1.1.6.tgz#efaa2ea9daa0d7ab2ea13a97b2b8ad51fefbe8be"
    integrity sha1-76ouqdqg16suoTqXsritUf776L4=
  
  md5@^2.3.0:
    version "2.3.0"
    resolved "https://registry.npm.taobao.org/md5/download/md5-2.3.0.tgz#c3da9a6aae3a30b46b7b0c349b87b110dc3bda4f"
    integrity sha1-w9qaaq46MLRreww0m4exENw72k8=
    dependencies:
      charenc "0.0.2"
      crypt "0.0.2"
      is-buffer "~1.1.6"
